<?xml version="1.0" encoding="UTF-8"?>
<testsuite xmlns:xsi="http://www.w3.org/2001/XMLSchema-instance" xsi:noNamespaceSchemaLocation="https://maven.apache.org/surefire/maven-surefire-plugin/xsd/surefire-test-report-3.0.xsd" version="3.0" name="com.polypro.dao.ChuyenDeDAONGTest" time="0.265" tests="5" errors="0" skipped="0" failures="0">
  <properties>
    <property name="java.specification.version" value="21"/>
    <property name="sun.cpu.isalist" value="amd64"/>
    <property name="sun.jnu.encoding" value="Cp1252"/>
    <property name="java.class.path" value="C:\Users\NGUYEN DUC THIEN\Documents\java\PolyProTestNG (1)\target\test-classes;C:\Users\NGUYEN DUC THIEN\Documents\java\PolyProTestNG (1)\target\classes;C:\Users\NGUYEN DUC THIEN\.m2\repository\com\toedter\jcalendar\1.4\jcalendar-1.4.jar;C:\Users\NGUYEN DUC THIEN\.m2\repository\com\microsoft\sqlserver\mssql-jdbc\9.4.0.jre16\mssql-jdbc-9.4.0.jre16.jar;C:\Users\NGUYEN DUC THIEN\.m2\repository\junit\junit\4.13.2\junit-4.13.2.jar;C:\Users\NGUYEN DUC THIEN\.m2\repository\org\hamcrest\hamcrest-core\1.3\hamcrest-core-1.3.jar;C:\Users\NGUYEN DUC THIEN\.m2\repository\org\testng\testng\7.1.0\testng-7.1.0.jar;C:\Users\NGUYEN DUC THIEN\.m2\repository\com\beust\jcommander\1.72\jcommander-1.72.jar;C:\Users\NGUYEN DUC THIEN\.m2\repository\com\google\inject\guice\4.1.0\guice-4.1.0-no_aop.jar;C:\Users\NGUYEN DUC THIEN\.m2\repository\javax\inject\javax.inject\1\javax.inject-1.jar;C:\Users\NGUYEN DUC THIEN\.m2\repository\aopalliance\aopalliance\1.0\aopalliance-1.0.jar;C:\Users\NGUYEN DUC THIEN\.m2\repository\com\google\guava\guava\19.0\guava-19.0.jar;C:\Users\NGUYEN DUC THIEN\.m2\repository\org\yaml\snakeyaml\1.21\snakeyaml-1.21.jar;C:\Users\NGUYEN DUC THIEN\.m2\repository\org\powermock\powermock-api-mockito2\2.0.9\powermock-api-mockito2-2.0.9.jar;C:\Users\NGUYEN DUC THIEN\.m2\repository\org\powermock\powermock-api-support\2.0.9\powermock-api-support-2.0.9.jar;C:\Users\NGUYEN DUC THIEN\.m2\repository\org\mockito\mockito-core\3.3.3\mockito-core-3.3.3.jar;C:\Users\NGUYEN DUC THIEN\.m2\repository\org\objenesis\objenesis\2.6\objenesis-2.6.jar;C:\Users\NGUYEN DUC THIEN\.m2\repository\com\mockrunner\mockrunner-jdbc\2.0.6\mockrunner-jdbc-2.0.6.jar;C:\Users\NGUYEN DUC THIEN\.m2\repository\com\mockrunner\mockrunner-core\2.0.6\mockrunner-core-2.0.6.jar;C:\Users\NGUYEN DUC THIEN\.m2\repository\jdom\jdom\1.0\jdom-1.0.jar;C:\Users\NGUYEN DUC THIEN\.m2\repository\oro\oro\2.0.8\oro-2.0.8.jar;C:\Users\NGUYEN DUC THIEN\.m2\repository\com\kirkk\jaranalyzer\1.2\jaranalyzer-1.2.jar;C:\Users\NGUYEN DUC THIEN\.m2\repository\bcel\bcel\5.1\bcel-5.1.jar;C:\Users\NGUYEN DUC THIEN\.m2\repository\regexp\regexp\1.2\regexp-1.2.jar;C:\Users\NGUYEN DUC THIEN\.m2\repository\jakarta-regexp\jakarta-regexp\1.4\jakarta-regexp-1.4.jar;C:\Users\NGUYEN DUC THIEN\.m2\repository\ant\ant\1.6.5\ant-1.6.5.jar;C:\Users\NGUYEN DUC THIEN\.m2\repository\nekohtml\nekohtml\0.9.5\nekohtml-0.9.5.jar;C:\Users\NGUYEN DUC THIEN\.m2\repository\xerces\xercesImpl\2.4.0\xercesImpl-2.4.0.jar;C:\Users\NGUYEN DUC THIEN\.m2\repository\commons-logging\commons-logging\1.0.4\commons-logging-1.0.4.jar;C:\Users\NGUYEN DUC THIEN\.m2\repository\org\powermock\powermock-module-junit4\2.0.9\powermock-module-junit4-2.0.9.jar;C:\Users\NGUYEN DUC THIEN\.m2\repository\org\powermock\powermock-module-junit4-common\2.0.9\powermock-module-junit4-common-2.0.9.jar;C:\Users\NGUYEN DUC THIEN\.m2\repository\org\powermock\powermock-module-testng-common\2.0.9\powermock-module-testng-common-2.0.9.jar;C:\Users\NGUYEN DUC THIEN\.m2\repository\org\powermock\powermock-reflect\2.0.9\powermock-reflect-2.0.9.jar;C:\Users\NGUYEN DUC THIEN\.m2\repository\net\bytebuddy\byte-buddy\1.10.14\byte-buddy-1.10.14.jar;C:\Users\NGUYEN DUC THIEN\.m2\repository\net\bytebuddy\byte-buddy-agent\1.10.14\byte-buddy-agent-1.10.14.jar;C:\Users\NGUYEN DUC THIEN\.m2\repository\org\powermock\powermock-core\2.0.9\powermock-core-2.0.9.jar;C:\Users\NGUYEN DUC THIEN\.m2\repository\org\javassist\javassist\3.27.0-GA\javassist-3.27.0-GA.jar;C:\Users\NGUYEN DUC THIEN\.m2\repository\org\powermock\powermock-module-testng-agent\2.0.9\powermock-module-testng-agent-2.0.9.jar;C:\Users\NGUYEN DUC THIEN\.m2\repository\org\powermock\powermock-module-javaagent\2.0.9\powermock-module-javaagent-2.0.9.jar;C:\Users\NGUYEN DUC THIEN\.m2\repository\org\powermock\powermock-module-testng\2.0.9\powermock-module-testng-2.0.9.jar;C:\Users\NGUYEN DUC THIEN\.m2\repository\org\junit\jupiter\junit-jupiter-api\5.6.0\junit-jupiter-api-5.6.0.jar;C:\Users\NGUYEN DUC THIEN\.m2\repository\org\apiguardian\apiguardian-api\1.1.0\apiguardian-api-1.1.0.jar;C:\Users\NGUYEN DUC THIEN\.m2\repository\org\opentest4j\opentest4j\1.2.0\opentest4j-1.2.0.jar;C:\Users\NGUYEN DUC THIEN\.m2\repository\org\junit\platform\junit-platform-commons\1.6.0\junit-platform-commons-1.6.0.jar;"/>
    <property name="java.vm.vendor" value="Oracle Corporation"/>
    <property name="sun.arch.data.model" value="64"/>
    <property name="user.variant" value=""/>
    <property name="java.vendor.url" value="https://java.oracle.com/"/>
    <property name="user.timezone" value="Asia/Saigon"/>
    <property name="os.name" value="Windows 11"/>
    <property name="java.vm.specification.version" value="21"/>
    <property name="user.country" value="VN"/>
    <property name="sun.java.launcher" value="SUN_STANDARD"/>
    <property name="sun.boot.library.path" value="C:\Program Files\Java\jdk-21\bin"/>
    <property name="sun.java.command" value="C:\Users\NGUYEN DUC THIEN\AppData\Local\Temp\surefire585850653323430284\surefirebooter12719541713838617863.jar C:\Users\NGUYEN DUC THIEN\AppData\Local\Temp\surefire585850653323430284 2024-04-10T00-40-54_487-jvmRun1 surefire4659545377360344865tmp surefire_06460305157009616410tmp"/>
    <property name="jdk.debug" value="release"/>
    <property name="test" value="com.polypro.dao.ChuyenDeDAONGTest"/>
    <property name="surefire.test.class.path" value="C:\Users\NGUYEN DUC THIEN\Documents\java\PolyProTestNG (1)\target\test-classes;C:\Users\NGUYEN DUC THIEN\Documents\java\PolyProTestNG (1)\target\classes;C:\Users\NGUYEN DUC THIEN\.m2\repository\com\toedter\jcalendar\1.4\jcalendar-1.4.jar;C:\Users\NGUYEN DUC THIEN\.m2\repository\com\microsoft\sqlserver\mssql-jdbc\9.4.0.jre16\mssql-jdbc-9.4.0.jre16.jar;C:\Users\NGUYEN DUC THIEN\.m2\repository\junit\junit\4.13.2\junit-4.13.2.jar;C:\Users\NGUYEN DUC THIEN\.m2\repository\org\hamcrest\hamcrest-core\1.3\hamcrest-core-1.3.jar;C:\Users\NGUYEN DUC THIEN\.m2\repository\org\testng\testng\7.1.0\testng-7.1.0.jar;C:\Users\NGUYEN DUC THIEN\.m2\repository\com\beust\jcommander\1.72\jcommander-1.72.jar;C:\Users\NGUYEN DUC THIEN\.m2\repository\com\google\inject\guice\4.1.0\guice-4.1.0-no_aop.jar;C:\Users\NGUYEN DUC THIEN\.m2\repository\javax\inject\javax.inject\1\javax.inject-1.jar;C:\Users\NGUYEN DUC THIEN\.m2\repository\aopalliance\aopalliance\1.0\aopalliance-1.0.jar;C:\Users\NGUYEN DUC THIEN\.m2\repository\com\google\guava\guava\19.0\guava-19.0.jar;C:\Users\NGUYEN DUC THIEN\.m2\repository\org\yaml\snakeyaml\1.21\snakeyaml-1.21.jar;C:\Users\NGUYEN DUC THIEN\.m2\repository\org\powermock\powermock-api-mockito2\2.0.9\powermock-api-mockito2-2.0.9.jar;C:\Users\NGUYEN DUC THIEN\.m2\repository\org\powermock\powermock-api-support\2.0.9\powermock-api-support-2.0.9.jar;C:\Users\NGUYEN DUC THIEN\.m2\repository\org\mockito\mockito-core\3.3.3\mockito-core-3.3.3.jar;C:\Users\NGUYEN DUC THIEN\.m2\repository\org\objenesis\objenesis\2.6\objenesis-2.6.jar;C:\Users\NGUYEN DUC THIEN\.m2\repository\com\mockrunner\mockrunner-jdbc\2.0.6\mockrunner-jdbc-2.0.6.jar;C:\Users\NGUYEN DUC THIEN\.m2\repository\com\mockrunner\mockrunner-core\2.0.6\mockrunner-core-2.0.6.jar;C:\Users\NGUYEN DUC THIEN\.m2\repository\jdom\jdom\1.0\jdom-1.0.jar;C:\Users\NGUYEN DUC THIEN\.m2\repository\oro\oro\2.0.8\oro-2.0.8.jar;C:\Users\NGUYEN DUC THIEN\.m2\repository\com\kirkk\jaranalyzer\1.2\jaranalyzer-1.2.jar;C:\Users\NGUYEN DUC THIEN\.m2\repository\bcel\bcel\5.1\bcel-5.1.jar;C:\Users\NGUYEN DUC THIEN\.m2\repository\regexp\regexp\1.2\regexp-1.2.jar;C:\Users\NGUYEN DUC THIEN\.m2\repository\jakarta-regexp\jakarta-regexp\1.4\jakarta-regexp-1.4.jar;C:\Users\NGUYEN DUC THIEN\.m2\repository\ant\ant\1.6.5\ant-1.6.5.jar;C:\Users\NGUYEN DUC THIEN\.m2\repository\nekohtml\nekohtml\0.9.5\nekohtml-0.9.5.jar;C:\Users\NGUYEN DUC THIEN\.m2\repository\xerces\xercesImpl\2.4.0\xercesImpl-2.4.0.jar;C:\Users\NGUYEN DUC THIEN\.m2\repository\commons-logging\commons-logging\1.0.4\commons-logging-1.0.4.jar;C:\Users\NGUYEN DUC THIEN\.m2\repository\org\powermock\powermock-module-junit4\2.0.9\powermock-module-junit4-2.0.9.jar;C:\Users\NGUYEN DUC THIEN\.m2\repository\org\powermock\powermock-module-junit4-common\2.0.9\powermock-module-junit4-common-2.0.9.jar;C:\Users\NGUYEN DUC THIEN\.m2\repository\org\powermock\powermock-module-testng-common\2.0.9\powermock-module-testng-common-2.0.9.jar;C:\Users\NGUYEN DUC THIEN\.m2\repository\org\powermock\powermock-reflect\2.0.9\powermock-reflect-2.0.9.jar;C:\Users\NGUYEN DUC THIEN\.m2\repository\net\bytebuddy\byte-buddy\1.10.14\byte-buddy-1.10.14.jar;C:\Users\NGUYEN DUC THIEN\.m2\repository\net\bytebuddy\byte-buddy-agent\1.10.14\byte-buddy-agent-1.10.14.jar;C:\Users\NGUYEN DUC THIEN\.m2\repository\org\powermock\powermock-core\2.0.9\powermock-core-2.0.9.jar;C:\Users\NGUYEN DUC THIEN\.m2\repository\org\javassist\javassist\3.27.0-GA\javassist-3.27.0-GA.jar;C:\Users\NGUYEN DUC THIEN\.m2\repository\org\powermock\powermock-module-testng-agent\2.0.9\powermock-module-testng-agent-2.0.9.jar;C:\Users\NGUYEN DUC THIEN\.m2\repository\org\powermock\powermock-module-javaagent\2.0.9\powermock-module-javaagent-2.0.9.jar;C:\Users\NGUYEN DUC THIEN\.m2\repository\org\powermock\powermock-module-testng\2.0.9\powermock-module-testng-2.0.9.jar;C:\Users\NGUYEN DUC THIEN\.m2\repository\org\junit\jupiter\junit-jupiter-api\5.6.0\junit-jupiter-api-5.6.0.jar;C:\Users\NGUYEN DUC THIEN\.m2\repository\org\apiguardian\apiguardian-api\1.1.0\apiguardian-api-1.1.0.jar;C:\Users\NGUYEN DUC THIEN\.m2\repository\org\opentest4j\opentest4j\1.2.0\opentest4j-1.2.0.jar;C:\Users\NGUYEN DUC THIEN\.m2\repository\org\junit\platform\junit-platform-commons\1.6.0\junit-platform-commons-1.6.0.jar;"/>
    <property name="sun.cpu.endian" value="little"/>
    <property name="user.home" value="C:\Users\NGUYEN DUC THIEN"/>
    <property name="user.language" value="vi"/>
    <property name="java.specification.vendor" value="Oracle Corporation"/>
    <property name="java.version.date" value="2023-10-17"/>
    <property name="java.home" value="C:\Program Files\Java\jdk-21"/>
    <property name="file.separator" value="\"/>
    <property name="basedir" value="C:\Users\NGUYEN DUC THIEN\Documents\java\PolyProTestNG (1)"/>
    <property name="java.vm.compressedOopsMode" value="32-bit"/>
    <property name="line.separator" value="&#10;"/>
    <property name="java.vm.specification.vendor" value="Oracle Corporation"/>
    <property name="java.specification.name" value="Java Platform API Specification"/>
    <property name="surefire.real.class.path" value="C:\Users\NGUYEN DUC THIEN\AppData\Local\Temp\surefire585850653323430284\surefirebooter12719541713838617863.jar"/>
    <property name="user.script" value=""/>
    <property name="sun.management.compiler" value="HotSpot 64-Bit Tiered Compilers"/>
    <property name="java.runtime.version" value="21.0.1+12-LTS-29"/>
    <property name="user.name" value="NGUYEN DUC THIEN"/>
    <property name="stdout.encoding" value="Cp1252"/>
    <property name="path.separator" value=";"/>
    <property name="os.version" value="10.0"/>
    <property name="java.runtime.name" value="Java(TM) SE Runtime Environment"/>
    <property name="file.encoding" value="UTF-8"/>
    <property name="java.vm.name" value="Java HotSpot(TM) 64-Bit Server VM"/>
    <property name="maven.ext.class.path" value="C:\Users\NGUYEN DUC THIEN\Downloads\netbeans-15-bin\netbeans\java\maven-nblib\netbeans-eventspy.jar"/>
    <property name="localRepository" value="C:\Users\NGUYEN DUC THIEN\.m2\repository"/>
    <property name="java.vendor.url.bug" value="https://bugreport.java.com/bugreport/"/>
    <property name="java.io.tmpdir" value="C:\Users\NGUYEN~1\AppData\Local\Temp\"/>
    <property name="java.version" value="21.0.1"/>
    <property name="user.dir" value="C:\Users\NGUYEN DUC THIEN\Documents\java\PolyProTestNG (1)"/>
    <property name="os.arch" value="amd64"/>
    <property name="java.vm.specification.name" value="Java Virtual Machine Specification"/>
    <property name="sun.os.patch.level" value=""/>
    <property name="native.encoding" value="Cp1252"/>
    <property name="java.library.path" value="C:\Program Files\Java\jdk-21\bin;C:\WINDOWS\Sun\Java\bin;C:\WINDOWS\system32;C:\WINDOWS;C:\Program Files\Microsoft MPI\Bin\;C:\Program Files\Common Files\Oracle\Java\javapath;C:\Windows\system32;C:\Windows;C:\Windows\System32\Wbem;C:\Windows\System32\WindowsPowerShell\v1.0\;C:\Windows\System32\OpenSSH\;C:\Program Files (x86)\NVIDIA Corporation\PhysX\Common;C:\WINDOWS\system32;C:\WINDOWS;C:\WINDOWS\System32\Wbem;C:\WINDOWS\System32\WindowsPowerShell\v1.0\;C:\WINDOWS\System32\OpenSSH\;C:\Program Files\Azure Data Studio\bin;C:\Program Files (x86)\Microsoft SQL Server\160\Tools\Binn\;C:\Program Files\Microsoft SQL Server\160\Tools\Binn\;C:\Program Files\Microsoft SQL Server\Client SDK\ODBC\170\Tools\Binn\;C:\Program Files\Microsoft SQL Server\160\DTS\Binn\;C:\Program Files (x86)\Microsoft SQL Server\160\DTS\Binn\;C:\Program Files\MySQL\MySQL Shell 8.0\bin\;C:\Users\NGUYEN DUC THIEN\AppData\Local\Microsoft\WindowsApps;D:\Microsoft VS Code\bin;C:\Program Files\Azure Data Studio\bin;."/>
    <property name="java.vm.info" value="mixed mode, sharing"/>
    <property name="stderr.encoding" value="Cp1252"/>
    <property name="java.vendor" value="Oracle Corporation"/>
    <property name="java.vm.version" value="21.0.1+12-LTS-29"/>
    <property name="sun.io.unicode.encoding" value="UnicodeLittle"/>
    <property name="java.class.version" value="65.0"/>
  </properties>
  <testcase name="testDelete" classname="com.polypro.dao.ChuyenDeDAONGTest" time="0.004"/>
  <testcase name="testFindById" classname="com.polypro.dao.ChuyenDeDAONGTest" time="0"/>
  <testcase name="testInsert" classname="com.polypro.dao.ChuyenDeDAONGTest" time="0.001"/>
  <testcase name="testSelect" classname="com.polypro.dao.ChuyenDeDAONGTest" time="0"/>
  <testcase name="testUpdate" classname="com.polypro.dao.ChuyenDeDAONGTest" time="0"/>
</testsuite>