<?xml version="1.0" encoding="UTF-8"?>
<!-- Generated by org.testng.reporters.JUnitReportReporter -->
<testsuite hostname="LAPTOP-G451303K" failures="0" tests="6" name="com.polypro.dao.ThongKeDAONGTest" time="0.422" errors="1" timestamp="2024-04-10T10:05:46 ICT" skipped="5">
  <testcase classname="com.polypro.dao.ThongKeDAONGTest" name="testGetBangDiem" time="0.419">
    <skipped/>
  </testcase> <!-- testGetBangDiem -->
  <system-out/>
  <testcase classname="com.polypro.dao.ThongKeDAONGTest" name="testGetNguoiHoc" time="0.000">
    <skipped/>
  </testcase> <!-- testGetNguoiHoc -->
  <system-out/>
  <testcase classname="com.polypro.dao.ThongKeDAONGTest" name="setUp" time="0.003">
    <error message="Unable to make private final native void java.lang.Object.wait0(long) throws java.lang.InterruptedException accessible: module java.base does not &quot;opens java.lang&quot; to unnamed module @3d82c5f3" type="java.lang.reflect.InaccessibleObjectException">
      <![CDATA[java.lang.reflect.InaccessibleObjectException: Unable to make private final native void java.lang.Object.wait0(long) throws java.lang.InterruptedException accessible: module java.base does not "opens java.lang" to unnamed module @3d82c5f3
at java.base/java.lang.reflect.AccessibleObject.throwInaccessibleObjectException(AccessibleObject.java:391)
at java.base/java.lang.reflect.AccessibleObject.checkCanSetAccessible(AccessibleObject.java:367)
at java.base/java.lang.reflect.AccessibleObject.checkCanSetAccessible(AccessibleObject.java:315)
at java.base/java.lang.reflect.Method.checkCanSetAccessible(Method.java:203)
at java.base/java.lang.reflect.Method.setAccessible(Method.java:197)
at org.powermock.reflect.internal.WhiteboxImpl.doGetAllMethods(WhiteboxImpl.java:1508)
at org.powermock.reflect.internal.WhiteboxImpl.getAllMethods(WhiteboxImpl.java:1482)
at org.powermock.reflect.internal.WhiteboxImpl.getMethods(WhiteboxImpl.java:1750)
at org.powermock.reflect.internal.WhiteboxImpl.getMethods(WhiteboxImpl.java:1789)
at org.powermock.reflect.internal.WhiteboxImpl.getBestMethodCandidate(WhiteboxImpl.java:1008)
at org.powermock.core.MockInvocation.findMethodToInvoke(MockInvocation.java:58)
at org.powermock.core.MockInvocation.init(MockInvocation.java:35)
at org.powermock.core.MockInvocation.<init>(MockInvocation.java:22)
at org.powermock.core.MockGateway.doMethodCall(MockGateway.java:155)
at org.powermock.core.MockGateway.methodCall(MockGateway.java:138)
at com.polypro.dao.ThongKeDAONGTest.setUp(ThongKeDAONGTest.java)
at java.base/jdk.internal.reflect.DirectMethodHandleAccessor.invoke(DirectMethodHandleAccessor.java:103)
at java.base/java.lang.reflect.Method.invoke(Method.java:580)
at org.testng.internal.MethodInvocationHelper.invokeMethod(MethodInvocationHelper.java:134)
at org.testng.internal.MethodInvocationHelper.invokeMethodConsideringTimeout(MethodInvocationHelper.java:63)
at org.testng.internal.ConfigInvoker.invokeConfigurationMethod(ConfigInvoker.java:348)
at org.testng.internal.ConfigInvoker.invokeConfigurations(ConfigInvoker.java:302)
at org.testng.internal.TestInvoker.runConfigMethods(TestInvoker.java:695)
at org.testng.internal.TestInvoker.invokeMethod(TestInvoker.java:523)
at org.testng.internal.TestInvoker.invokeTestMethod(TestInvoker.java:173)
at org.testng.internal.MethodRunner.runInSequence(MethodRunner.java:46)
at org.testng.internal.TestInvoker$MethodInvocationAgent.invoke(TestInvoker.java:816)
at org.testng.internal.TestInvoker.invokeTestMethods(TestInvoker.java:146)
at org.testng.internal.TestMethodWorker.invokeTestMethods(TestMethodWorker.java:146)
at org.testng.internal.TestMethodWorker.run(TestMethodWorker.java:128)
at java.base/java.util.ArrayList.forEach(ArrayList.java:1596)
at org.testng.TestRunner.privateRun(TestRunner.java:766)
at org.testng.TestRunner.run(TestRunner.java:587)
at org.testng.SuiteRunner.runTest(SuiteRunner.java:384)
at org.testng.SuiteRunner.runSequentially(SuiteRunner.java:378)
at org.testng.SuiteRunner.privateRun(SuiteRunner.java:337)
at org.testng.SuiteRunner.run(SuiteRunner.java:286)
at org.testng.SuiteRunnerWorker.runSuite(SuiteRunnerWorker.java:53)
at org.testng.SuiteRunnerWorker.run(SuiteRunnerWorker.java:96)
at org.testng.TestNG.runSuitesSequentially(TestNG.java:1187)
at org.testng.TestNG.runSuitesLocally(TestNG.java:1109)
at org.testng.TestNG.runSuites(TestNG.java:1039)
at org.testng.TestNG.run(TestNG.java:1007)
at org.testng.remote.AbstractRemoteTestNG.run(AbstractRemoteTestNG.java:115)
at org.testng.remote.RemoteTestNG.initAndRun(RemoteTestNG.java:251)
at org.testng.remote.RemoteTestNG.main(RemoteTestNG.java:77)
]]>
    </error>
  </testcase> <!-- setUp -->
  <system-out/>
  <testcase classname="com.polypro.dao.ThongKeDAONGTest" name="testGetNguoiHocWithMutipleData" time="0.000">
    <skipped/>
  </testcase> <!-- testGetNguoiHocWithMutipleData -->
  <system-out/>
  <testcase classname="com.polypro.dao.ThongKeDAONGTest" name="testGetDoanhThu" time="0.000">
    <skipped/>
  </testcase> <!-- testGetDoanhThu -->
  <system-out/>
  <testcase classname="com.polypro.dao.ThongKeDAONGTest" name="testGetDiemTheoChuyenDe" time="0.000">
    <skipped/>
  </testcase> <!-- testGetDiemTheoChuyenDe -->
  <system-out/>
</testsuite> <!-- com.polypro.dao.ThongKeDAONGTest -->
