<?xml version="1.0" encoding="UTF-8"?>
<!-- Generated by org.testng.reporters.JUnitReportReporter -->
<testsuite hostname="LAPTOP-G451303K" failures="0" tests="5" name="com.polypro.dao.HocVienDAONGTest" time="1.505" errors="1" timestamp="2024-04-10T10:38:39 ICT" skipped="0">
  <testcase classname="com.polypro.dao.HocVienDAONGTest" name="testFindById" time="0.001"/>
  <system-out/>
  <testcase classname="com.polypro.dao.HocVienDAONGTest" name="testSelect" time="0.002"/>
  <system-out/>
  <testcase classname="com.polypro.dao.HocVienDAONGTest" name="testInsert" time="0.004"/>
  <system-out/>
  <testcase classname="com.polypro.dao.HocVienDAONGTest" name="testDelete" time="1.497">
    <error message="com.microsoft.sqlserver.jdbc.SQLServerException: Invalid object name &#039;HocVien&#039;." type="java.lang.RuntimeException">
      <![CDATA[java.lang.RuntimeException: com.microsoft.sqlserver.jdbc.SQLServerException: Invalid object name 'HocVien'.
at com.polypro.helper.Jdbc.executeUpdate(Jdbc.java:77)
at com.polypro.dao.HocVienDAO.delete(HocVienDAO.java:37)
at com.polypro.dao.HocVienDAONGTest.testDelete(HocVienDAONGTest.java:77)
at java.base/jdk.internal.reflect.DirectMethodHandleAccessor.invoke(DirectMethodHandleAccessor.java:103)
at java.base/java.lang.reflect.Method.invoke(Method.java:580)
at org.testng.internal.MethodInvocationHelper.invokeMethod(MethodInvocationHelper.java:134)
at org.testng.internal.TestInvoker.invokeMethod(TestInvoker.java:597)
at org.testng.internal.TestInvoker.invokeTestMethod(TestInvoker.java:173)
at org.testng.internal.MethodRunner.runInSequence(MethodRunner.java:46)
at org.testng.internal.TestInvoker$MethodInvocationAgent.invoke(TestInvoker.java:816)
at org.testng.internal.TestInvoker.invokeTestMethods(TestInvoker.java:146)
at org.testng.internal.TestMethodWorker.invokeTestMethods(TestMethodWorker.java:146)
at org.testng.internal.TestMethodWorker.run(TestMethodWorker.java:128)
at java.base/java.util.ArrayList.forEach(ArrayList.java:1596)
at org.testng.TestRunner.privateRun(TestRunner.java:766)
at org.testng.TestRunner.run(TestRunner.java:587)
at org.testng.SuiteRunner.runTest(SuiteRunner.java:384)
at org.testng.SuiteRunner.runSequentially(SuiteRunner.java:378)
at org.testng.SuiteRunner.privateRun(SuiteRunner.java:337)
at org.testng.SuiteRunner.run(SuiteRunner.java:286)
at org.testng.SuiteRunnerWorker.runSuite(SuiteRunnerWorker.java:53)
at org.testng.SuiteRunnerWorker.run(SuiteRunnerWorker.java:96)
at org.testng.TestNG.runSuitesSequentially(TestNG.java:1187)
at org.testng.TestNG.runSuitesLocally(TestNG.java:1109)
at org.testng.TestNG.runSuites(TestNG.java:1039)
at org.testng.TestNG.run(TestNG.java:1007)
at org.testng.remote.AbstractRemoteTestNG.run(AbstractRemoteTestNG.java:115)
at org.testng.remote.RemoteTestNG.initAndRun(RemoteTestNG.java:251)
at org.testng.remote.RemoteTestNG.main(RemoteTestNG.java:77)
Caused by: com.microsoft.sqlserver.jdbc.SQLServerException: Invalid object name 'HocVien'.
at com.microsoft.sqlserver.jdbc.SQLServerException.makeFromDatabaseError(SQLServerException.java:265)
at com.microsoft.sqlserver.jdbc.SQLServerStatement.getNextResult(SQLServerStatement.java:1662)
at com.microsoft.sqlserver.jdbc.SQLServerPreparedStatement.doExecutePreparedStatement(SQLServerPreparedStatement.java:615)
at com.microsoft.sqlserver.jdbc.SQLServerPreparedStatement$PrepStmtExecCmd.doExecute(SQLServerPreparedStatement.java:537)
at com.microsoft.sqlserver.jdbc.TDSCommand.execute(IOBuffer.java:7417)
at com.microsoft.sqlserver.jdbc.SQLServerConnection.executeCommand(SQLServerConnection.java:3488)
at com.microsoft.sqlserver.jdbc.SQLServerStatement.executeCommand(SQLServerStatement.java:262)
at com.microsoft.sqlserver.jdbc.SQLServerStatement.executeStatement(SQLServerStatement.java:237)
at com.microsoft.sqlserver.jdbc.SQLServerPreparedStatement.executeUpdate(SQLServerPreparedStatement.java:483)
at com.polypro.helper.Jdbc.executeUpdate(Jdbc.java:72)
... 28 more
]]>
    </error>
  </testcase> <!-- testDelete -->
  <system-out/>
  <testcase classname="com.polypro.dao.HocVienDAONGTest" name="testUpdate" time="0.001"/>
  <system-out/>
</testsuite> <!-- com.polypro.dao.HocVienDAONGTest -->
