<?xml version="1.0" encoding="UTF-8"?>
<!-- Generated by org.testng.reporters.JUnitReportReporter -->
<testsuite hostname="LAPTOP-G451303K" failures="0" tests="9" name="com.polypro.dao.KhoaHocDAONGTest" time="0.023" errors="1" timestamp="2024-04-10T01:51:14 ICT" skipped="8">
  <testcase classname="com.polypro.dao.KhoaHocDAONGTest" name="testUpdate" time="0.000">
    <skipped/>
  </testcase> <!-- testUpdate -->
  <system-out/>
  <testcase classname="com.polypro.dao.KhoaHocDAONGTest" name="testDelete" time="0.000">
    <skipped/>
  </testcase> <!-- testDelete -->
  <system-out/>
  <testcase classname="com.polypro.dao.KhoaHocDAONGTest" name="testInsertWithValidModel" time="0.000">
    <skipped/>
  </testcase> <!-- testInsertWithValidModel -->
  <system-out/>
  <testcase classname="com.polypro.dao.KhoaHocDAONGTest" name="testInsertWithEmptyModel" time="0.000">
    <skipped/>
  </testcase> <!-- testInsertWithEmptyModel -->
  <system-out/>
  <testcase classname="com.polypro.dao.KhoaHocDAONGTest" name="setUpClass" time="0.023">
    <error message="Unable to make private final native void java.lang.Object.wait0(long) throws java.lang.InterruptedException accessible: module java.base does not &quot;opens java.lang&quot; to unnamed module @3d82c5f3" type="java.lang.reflect.InaccessibleObjectException">
      <![CDATA[java.lang.reflect.InaccessibleObjectException: Unable to make private final native void java.lang.Object.wait0(long) throws java.lang.InterruptedException accessible: module java.base does not "opens java.lang" to unnamed module @3d82c5f3
at java.base/java.lang.reflect.AccessibleObject.throwInaccessibleObjectException(AccessibleObject.java:391)
at java.base/java.lang.reflect.AccessibleObject.checkCanSetAccessible(AccessibleObject.java:367)
at java.base/java.lang.reflect.AccessibleObject.checkCanSetAccessible(AccessibleObject.java:315)
at java.base/java.lang.reflect.Method.checkCanSetAccessible(Method.java:203)
at java.base/java.lang.reflect.Method.setAccessible(Method.java:197)
at org.powermock.reflect.internal.WhiteboxImpl.doGetAllMethods(WhiteboxImpl.java:1508)
at org.powermock.reflect.internal.WhiteboxImpl.getAllMethods(WhiteboxImpl.java:1482)
at org.powermock.reflect.internal.WhiteboxImpl.getMethods(WhiteboxImpl.java:1750)
at org.powermock.reflect.internal.WhiteboxImpl.getMethods(WhiteboxImpl.java:1789)
at org.powermock.reflect.internal.WhiteboxImpl.getBestMethodCandidate(WhiteboxImpl.java:1008)
at org.powermock.core.MockInvocation.findMethodToInvoke(MockInvocation.java:58)
at org.powermock.core.MockInvocation.init(MockInvocation.java:35)
at org.powermock.core.MockInvocation.<init>(MockInvocation.java:22)
at org.powermock.core.MockGateway.doMethodCall(MockGateway.java:155)
at org.powermock.core.MockGateway.methodCall(MockGateway.java:145)
at com.polypro.dao.KhoaHocDAONGTest.setUpClass(KhoaHocDAONGTest.java)
at java.base/jdk.internal.reflect.DirectMethodHandleAccessor.invoke(DirectMethodHandleAccessor.java:103)
at java.base/java.lang.reflect.Method.invoke(Method.java:580)
at org.testng.internal.MethodInvocationHelper.invokeMethod(MethodInvocationHelper.java:134)
at org.testng.internal.MethodInvocationHelper.invokeMethodConsideringTimeout(MethodInvocationHelper.java:63)
at org.testng.internal.ConfigInvoker.invokeConfigurationMethod(ConfigInvoker.java:348)
at org.testng.internal.ConfigInvoker.invokeConfigurations(ConfigInvoker.java:302)
at org.testng.internal.TestMethodWorker.invokeBeforeClassMethods(TestMethodWorker.java:176)
at org.testng.internal.TestMethodWorker.run(TestMethodWorker.java:122)
at java.base/java.util.ArrayList.forEach(ArrayList.java:1596)
at org.testng.TestRunner.privateRun(TestRunner.java:766)
at org.testng.TestRunner.run(TestRunner.java:587)
at org.testng.SuiteRunner.runTest(SuiteRunner.java:384)
at org.testng.SuiteRunner.runSequentially(SuiteRunner.java:378)
at org.testng.SuiteRunner.privateRun(SuiteRunner.java:337)
at org.testng.SuiteRunner.run(SuiteRunner.java:286)
at org.testng.SuiteRunnerWorker.runSuite(SuiteRunnerWorker.java:53)
at org.testng.SuiteRunnerWorker.run(SuiteRunnerWorker.java:96)
at org.testng.TestNG.runSuitesSequentially(TestNG.java:1187)
at org.testng.TestNG.runSuitesLocally(TestNG.java:1109)
at org.testng.TestNG.runSuites(TestNG.java:1039)
at org.testng.TestNG.run(TestNG.java:1007)
at org.testng.remote.AbstractRemoteTestNG.run(AbstractRemoteTestNG.java:115)
at org.testng.remote.RemoteTestNG.initAndRun(RemoteTestNG.java:251)
at org.testng.remote.RemoteTestNG.main(RemoteTestNG.java:77)
]]>
    </error>
  </testcase> <!-- setUpClass -->
  <system-out/>
  <testcase classname="com.polypro.dao.KhoaHocDAONGTest" name="testInsertWithNullModel" time="0.000">
    <skipped/>
  </testcase> <!-- testInsertWithNullModel -->
  <system-out/>
  <testcase classname="com.polypro.dao.KhoaHocDAONGTest" name="testSelect" time="0.000">
    <skipped/>
  </testcase> <!-- testSelect -->
  <system-out/>
  <testcase classname="com.polypro.dao.KhoaHocDAONGTest" name="testFindByIdWithNotFoundID" time="0.000">
    <skipped/>
  </testcase> <!-- testFindByIdWithNotFoundID -->
  <system-out/>
  <testcase classname="com.polypro.dao.KhoaHocDAONGTest" name="testFindByIdWithValidID" time="0.000">
    <skipped/>
  </testcase> <!-- testFindByIdWithValidID -->
  <system-out/>
</testsuite> <!-- com.polypro.dao.KhoaHocDAONGTest -->
