<?xml version="1.0" encoding="UTF-8"?>
<!-- Generated by org.testng.reporters.JUnitReportReporter -->
<testsuite hostname="LAPTOP-R0TTQOIV" failures="0" tests="5" name="com.polypro.dao.ChuyenDeDAONGTest" time="0.007" errors="0" timestamp="2024-04-10T00:40:55 ICT" skipped="0">
  <testcase classname="com.polypro.dao.ChuyenDeDAONGTest" name="testDelete" time="0.005"/>
  <system-out/>
  <testcase classname="com.polypro.dao.ChuyenDeDAONGTest" name="testUpdate" time="0.001"/>
  <system-out/>
  <testcase classname="com.polypro.dao.ChuyenDeDAONGTest" name="testFindById" time="0.001"/>
  <system-out/>
  <testcase classname="com.polypro.dao.ChuyenDeDAONGTest" name="testSelect" time="0.000"/>
  <system-out/>
  <testcase classname="com.polypro.dao.ChuyenDeDAONGTest" name="testInsert" time="0.000"/>
  <system-out/>
</testsuite> <!-- com.polypro.dao.ChuyenDeDAONGTest -->
